<?xml version="1.0" encoding="UTF-8"?>
<testsuite name="org.roboguice.astroboy.activity.AstroboyMasterConsoleTest" tests="1" skipped="0" failures="0" errors="0" timestamp="2014-09-13T13:17:41" hostname="sni.group.on" time="8.759">
  <properties/>
  <testcase name="clickOnBrushTeethTriggersRemoteControl" classname="org.roboguice.astroboy.activity.AstroboyMasterConsoleTest" time="8.759"/>
  <system-out><![CDATA[DEBUG: Loading resources for android from jar:/Users/administrateur/.m2/repository/org/robolectric/android-res/4.1.2_r1_rc/android-res-4.1.2_r1_rc-real.jar!/res...
DEBUG: Loading resources for org.roboguice.astroboy from /Users/administrateur/git/roboguice/astroboy/build/test-resources/Debug/res...
]]></system-out>
  <system-err><![CDATA[WARNING: no system properties value for ro.build.date.utc
]]></system-err>
</testsuite>
